17:55:00,672 DEBUG main InternalLoggerFactory:newDefaultFactory:47 - Using Log4J as the default logging framework
17:55:00,677 DEBUG main ResourceLeakDetector:<clinit>:129 - -Dio.netty.leakDetection.level: simple
17:55:00,677 DEBUG main ResourceLeakDetector:<clinit>:130 - -Dio.netty.leakDetection.targetRecords: 4
17:55:00,699 DEBUG main InternalThreadLocalMap:<clinit>:54 - -Dio.netty.threadLocalMap.stringBuilder.initialSize: 1024
17:55:00,699 DEBUG main InternalThreadLocalMap:<clinit>:57 - -Dio.netty.threadLocalMap.stringBuilder.maxSize: 4096
17:55:00,704 DEBUG main InternalLoggerFactory:newDefaultFactory:47 - Using Log4J as the default logging framework
17:55:00,711 DEBUG main MultithreadEventLoopGroup:<clinit>:44 - -Dio.netty.eventLoopThreads: 16
17:55:00,714 DEBUG main ResourceLeakDetector:<clinit>:129 - -Dio.netty.leakDetection.level: simple
17:55:00,714 DEBUG main ResourceLeakDetector:<clinit>:130 - -Dio.netty.leakDetection.targetRecords: 4
17:55:00,745 DEBUG main InternalThreadLocalMap:<clinit>:54 - -Dio.netty.threadLocalMap.stringBuilder.initialSize: 1024
17:55:00,745 DEBUG main InternalThreadLocalMap:<clinit>:57 - -Dio.netty.threadLocalMap.stringBuilder.maxSize: 4096
17:55:00,759 DEBUG main MultithreadEventLoopGroup:<clinit>:44 - -Dio.netty.eventLoopThreads: 16
17:55:00,760 DEBUG main NioEventLoop:<clinit>:106 - -Dio.netty.noKeySetOptimization: false
17:55:00,760 DEBUG main NioEventLoop:<clinit>:107 - -Dio.netty.selectorAutoRebuildThreshold: 512
17:55:00,781 DEBUG main PlatformDependent:isWindows0:985 - Platform: Windows
17:55:00,788 DEBUG main PlatformDependent0:explicitNoUnsafeCause0:395 - -Dio.netty.noUnsafe: false
17:55:00,789 DEBUG main PlatformDependent0:javaVersion0:851 - Java version: 11
17:55:00,793 DEBUG main PlatformDependent0:<clinit>:120 - sun.misc.Unsafe.theUnsafe: available
17:55:00,794 DEBUG main PlatformDependent0:<clinit>:144 - sun.misc.Unsafe.copyMemory: available
17:55:00,798 DEBUG main PlatformDependent0:<clinit>:182 - java.nio.Buffer.address: available
17:55:00,802 DEBUG main NioEventLoop:<clinit>:106 - -Dio.netty.noKeySetOptimization: false
17:55:00,802 DEBUG main NioEventLoop:<clinit>:107 - -Dio.netty.selectorAutoRebuildThreshold: 512
17:55:00,801 DEBUG main PlatformDependent0:<clinit>:252 - direct buffer constructor: unavailable
java.lang.UnsupportedOperationException: Reflective setAccessible(true) disabled
	at io.netty.util.internal.ReflectionUtil.trySetAccessible(ReflectionUtil.java:31)
	at io.netty.util.internal.PlatformDependent0$4.run(PlatformDependent0.java:224)
	at java.base/java.security.AccessController.doPrivileged(Native Method)
	at io.netty.util.internal.PlatformDependent0.<clinit>(PlatformDependent0.java:218)
	at io.netty.util.internal.PlatformDependent.isAndroid(PlatformDependent.java:272)
	at io.netty.util.internal.PlatformDependent.<clinit>(PlatformDependent.java:92)
	at io.netty.channel.nio.NioEventLoop.newTaskQueue0(NioEventLoop.java:285)
	at io.netty.channel.nio.NioEventLoop.newTaskQueue(NioEventLoop.java:156)
	at io.netty.channel.nio.NioEventLoop.<init>(NioEventLoop.java:138)
	at io.netty.channel.nio.NioEventLoopGroup.newChild(NioEventLoopGroup.java:138)
	at io.netty.channel.nio.NioEventLoopGroup.newChild(NioEventLoopGroup.java:37)
	at io.netty.util.concurrent.MultithreadEventExecutorGroup.<init>(MultithreadEventExecutorGroup.java:84)
	at io.netty.util.concurrent.MultithreadEventExecutorGroup.<init>(MultithreadEventExecutorGroup.java:58)
	at io.netty.util.concurrent.MultithreadEventExecutorGroup.<init>(MultithreadEventExecutorGroup.java:47)
	at io.netty.channel.MultithreadEventLoopGroup.<init>(MultithreadEventLoopGroup.java:59)
	at io.netty.channel.nio.NioEventLoopGroup.<init>(NioEventLoopGroup.java:78)
	at io.netty.channel.nio.NioEventLoopGroup.<init>(NioEventLoopGroup.java:73)
	at io.netty.channel.nio.NioEventLoopGroup.<init>(NioEventLoopGroup.java:60)
	at io.vertx.core.net.impl.transport.Transport.eventLoopGroup(Transport.java:153)
	at io.vertx.core.impl.VertxImpl.<init>(VertxImpl.java:143)
	at io.vertx.core.impl.VertxImpl.vertx(VertxImpl.java:92)
	at io.vertx.core.impl.VertxFactoryImpl.vertx(VertxFactoryImpl.java:40)
	at io.vertx.core.impl.VertxFactoryImpl.vertx(VertxFactoryImpl.java:32)
	at io.vertx.core.Vertx.vertx(Vertx.java:85)
	at io.vertx.core.impl.launcher.commands.ClasspathHandler.create(ClasspathHandler.java:113)
	at io.vertx.core.impl.launcher.commands.BareCommand.startVertx(BareCommand.java:278)
	at io.vertx.core.impl.launcher.commands.BareCommand.run(BareCommand.java:192)
	at io.vertx.core.impl.launcher.commands.RunCommand.run(RunCommand.java:249)
	at io.vertx.core.impl.launcher.VertxCommandLauncher.execute(VertxCommandLauncher.java:248)
	at io.vertx.core.impl.launcher.VertxCommandLauncher.dispatch(VertxCommandLauncher.java:383)
	at io.vertx.core.impl.launcher.VertxCommandLauncher.dispatch(VertxCommandLauncher.java:346)
	at io.vertx.core.Launcher.main(Launcher.java:45)
17:55:00,807 DEBUG main PlatformDependent0:<clinit>:313 - java.nio.Bits.unaligned: available, true
17:55:00,812 DEBUG main PlatformDependent0:<clinit>:372 - jdk.internal.misc.Unsafe.allocateUninitializedArray(int): unavailable
java.lang.IllegalAccessException: class io.netty.util.internal.PlatformDependent0$6 cannot access class jdk.internal.misc.Unsafe (in module java.base) because module java.base does not export jdk.internal.misc to unnamed module @424e1977
	at java.base/jdk.internal.reflect.Reflection.newIllegalAccessException(Reflection.java:361)
	at java.base/java.lang.reflect.AccessibleObject.checkAccess(AccessibleObject.java:591)
	at java.base/java.lang.reflect.Method.invoke(Method.java:558)
	at io.netty.util.internal.PlatformDependent0$6.run(PlatformDependent0.java:334)
	at java.base/java.security.AccessController.doPrivileged(Native Method)
	at io.netty.util.internal.PlatformDependent0.<clinit>(PlatformDependent0.java:325)
	at io.netty.util.internal.PlatformDependent.isAndroid(PlatformDependent.java:272)
	at io.netty.util.internal.PlatformDependent.<clinit>(PlatformDependent.java:92)
	at io.netty.channel.nio.NioEventLoop.newTaskQueue0(NioEventLoop.java:285)
	at io.netty.channel.nio.NioEventLoop.newTaskQueue(NioEventLoop.java:156)
	at io.netty.channel.nio.NioEventLoop.<init>(NioEventLoop.java:138)
	at io.netty.channel.nio.NioEventLoopGroup.newChild(NioEventLoopGroup.java:138)
	at io.netty.channel.nio.NioEventLoopGroup.newChild(NioEventLoopGroup.java:37)
	at io.netty.util.concurrent.MultithreadEventExecutorGroup.<init>(MultithreadEventExecutorGroup.java:84)
	at io.netty.util.concurrent.MultithreadEventExecutorGroup.<init>(MultithreadEventExecutorGroup.java:58)
	at io.netty.util.concurrent.MultithreadEventExecutorGroup.<init>(MultithreadEventExecutorGroup.java:47)
	at io.netty.channel.MultithreadEventLoopGroup.<init>(MultithreadEventLoopGroup.java:59)
	at io.netty.channel.nio.NioEventLoopGroup.<init>(NioEventLoopGroup.java:78)
	at io.netty.channel.nio.NioEventLoopGroup.<init>(NioEventLoopGroup.java:73)
	at io.netty.channel.nio.NioEventLoopGroup.<init>(NioEventLoopGroup.java:60)
	at io.vertx.core.net.impl.transport.Transport.eventLoopGroup(Transport.java:153)
	at io.vertx.core.impl.VertxImpl.<init>(VertxImpl.java:143)
	at io.vertx.core.impl.VertxImpl.vertx(VertxImpl.java:92)
	at io.vertx.core.impl.VertxFactoryImpl.vertx(VertxFactoryImpl.java:40)
	at io.vertx.core.impl.VertxFactoryImpl.vertx(VertxFactoryImpl.java:32)
	at io.vertx.core.Vertx.vertx(Vertx.java:85)
	at io.vertx.core.impl.launcher.commands.ClasspathHandler.create(ClasspathHandler.java:113)
	at io.vertx.core.impl.launcher.commands.BareCommand.startVertx(BareCommand.java:278)
	at io.vertx.core.impl.launcher.commands.BareCommand.run(BareCommand.java:192)
	at io.vertx.core.impl.launcher.commands.RunCommand.run(RunCommand.java:249)
	at io.vertx.core.impl.launcher.VertxCommandLauncher.execute(VertxCommandLauncher.java:248)
	at io.vertx.core.impl.launcher.VertxCommandLauncher.dispatch(VertxCommandLauncher.java:383)
	at io.vertx.core.impl.launcher.VertxCommandLauncher.dispatch(VertxCommandLauncher.java:346)
	at io.vertx.core.Launcher.main(Launcher.java:45)
17:55:00,814 DEBUG main PlatformDependent0:<clinit>:385 - java.nio.DirectByteBuffer.<init>(long, int): unavailable
17:55:00,815 DEBUG main PlatformDependent:unsafeUnavailabilityCause0:1028 - sun.misc.Unsafe: available
17:55:00,836 DEBUG main PlatformDependent:isWindows0:985 - Platform: Windows
17:55:00,841 DEBUG main PlatformDependent0:explicitNoUnsafeCause0:395 - -Dio.netty.noUnsafe: false
17:55:00,842 DEBUG main PlatformDependent0:javaVersion0:851 - Java version: 11
17:55:00,844 DEBUG main PlatformDependent:maxDirectMemory0:1128 - maxDirectMemory: 2124414976 bytes (maybe)
17:55:00,845 DEBUG main PlatformDependent:tmpdir0:1147 - -Dio.netty.tmpdir: C:\Users\gus\AppData\Local\Temp (java.io.tmpdir)
17:55:00,846 DEBUG main PlatformDependent:bitMode0:1226 - -Dio.netty.bitMode: 64 (sun.arch.data.model)
17:55:00,847 DEBUG main PlatformDependent0:<clinit>:120 - sun.misc.Unsafe.theUnsafe: available
17:55:00,849 DEBUG main PlatformDependent0:<clinit>:144 - sun.misc.Unsafe.copyMemory: available
17:55:00,850 DEBUG main PlatformDependent:<clinit>:173 - -Dio.netty.maxDirectMemory: -1 bytes
17:55:00,850 DEBUG main PlatformDependent0:<clinit>:182 - java.nio.Buffer.address: available
17:55:00,850 DEBUG main PlatformDependent:<clinit>:180 - -Dio.netty.uninitializedArrayAllocationThreshold: -1
17:55:00,853 DEBUG main CleanerJava9:<clinit>:71 - java.nio.ByteBuffer.cleaner(): available
17:55:00,854 DEBUG main PlatformDependent:<clinit>:200 - -Dio.netty.noPreferDirect: false
17:55:00,852 DEBUG main PlatformDependent0:<clinit>:252 - direct buffer constructor: unavailable
java.lang.UnsupportedOperationException: Reflective setAccessible(true) disabled
	at io.netty.util.internal.ReflectionUtil.trySetAccessible(ReflectionUtil.java:31)
	at io.netty.util.internal.PlatformDependent0$4.run(PlatformDependent0.java:224)
	at java.base/java.security.AccessController.doPrivileged(Native Method)
	at io.netty.util.internal.PlatformDependent0.<clinit>(PlatformDependent0.java:218)
	at io.netty.util.internal.PlatformDependent.isAndroid(PlatformDependent.java:272)
	at io.netty.util.internal.PlatformDependent.<clinit>(PlatformDependent.java:92)
	at io.netty.channel.nio.NioEventLoop.newTaskQueue0(NioEventLoop.java:285)
	at io.netty.channel.nio.NioEventLoop.newTaskQueue(NioEventLoop.java:156)
	at io.netty.channel.nio.NioEventLoop.<init>(NioEventLoop.java:138)
	at io.netty.channel.nio.NioEventLoopGroup.newChild(NioEventLoopGroup.java:138)
	at io.netty.channel.nio.NioEventLoopGroup.newChild(NioEventLoopGroup.java:37)
	at io.netty.util.concurrent.MultithreadEventExecutorGroup.<init>(MultithreadEventExecutorGroup.java:84)
	at io.netty.util.concurrent.MultithreadEventExecutorGroup.<init>(MultithreadEventExecutorGroup.java:58)
	at io.netty.util.concurrent.MultithreadEventExecutorGroup.<init>(MultithreadEventExecutorGroup.java:47)
	at io.netty.channel.MultithreadEventLoopGroup.<init>(MultithreadEventLoopGroup.java:59)
	at io.netty.channel.nio.NioEventLoopGroup.<init>(NioEventLoopGroup.java:78)
	at io.netty.channel.nio.NioEventLoopGroup.<init>(NioEventLoopGroup.java:73)
	at io.netty.channel.nio.NioEventLoopGroup.<init>(NioEventLoopGroup.java:60)
	at io.vertx.core.net.impl.transport.Transport.eventLoopGroup(Transport.java:153)
	at io.vertx.core.impl.VertxImpl.<init>(VertxImpl.java:143)
	at io.vertx.core.impl.VertxImpl.vertx(VertxImpl.java:92)
	at io.vertx.core.impl.VertxFactoryImpl.vertx(VertxFactoryImpl.java:40)
	at io.vertx.core.impl.VertxFactoryImpl.vertx(VertxFactoryImpl.java:32)
	at io.vertx.core.Vertx.vertx(Vertx.java:85)
	at io.vertx.core.impl.launcher.commands.ClasspathHandler.create(ClasspathHandler.java:113)
	at io.vertx.core.impl.launcher.commands.BareCommand.startVertx(BareCommand.java:278)
	at io.vertx.core.impl.launcher.commands.BareCommand.run(BareCommand.java:192)
	at io.vertx.core.impl.launcher.commands.RunCommand.run(RunCommand.java:249)
	at io.vertx.core.impl.launcher.VertxCommandLauncher.execute(VertxCommandLauncher.java:248)
	at io.vertx.core.impl.launcher.VertxCommandLauncher.dispatch(VertxCommandLauncher.java:383)
	at io.vertx.core.impl.launcher.VertxCommandLauncher.dispatch(VertxCommandLauncher.java:346)
	at io.vertx.core.Launcher.main(Launcher.java:45)
17:55:00,865 DEBUG main PlatformDependent0:<clinit>:313 - java.nio.Bits.unaligned: available, true
17:55:00,879 DEBUG main PlatformDependent0:<clinit>:372 - jdk.internal.misc.Unsafe.allocateUninitializedArray(int): unavailable
java.lang.IllegalAccessException: class io.netty.util.internal.PlatformDependent0$6 cannot access class jdk.internal.misc.Unsafe (in module java.base) because module java.base does not export jdk.internal.misc to unnamed module @424e1977
	at java.base/jdk.internal.reflect.Reflection.newIllegalAccessException(Reflection.java:361)
	at java.base/java.lang.reflect.AccessibleObject.checkAccess(AccessibleObject.java:591)
	at java.base/java.lang.reflect.Method.invoke(Method.java:558)
	at io.netty.util.internal.PlatformDependent0$6.run(PlatformDependent0.java:334)
	at java.base/java.security.AccessController.doPrivileged(Native Method)
	at io.netty.util.internal.PlatformDependent0.<clinit>(PlatformDependent0.java:325)
	at io.netty.util.internal.PlatformDependent.isAndroid(PlatformDependent.java:272)
	at io.netty.util.internal.PlatformDependent.<clinit>(PlatformDependent.java:92)
	at io.netty.channel.nio.NioEventLoop.newTaskQueue0(NioEventLoop.java:285)
	at io.netty.channel.nio.NioEventLoop.newTaskQueue(NioEventLoop.java:156)
	at io.netty.channel.nio.NioEventLoop.<init>(NioEventLoop.java:138)
	at io.netty.channel.nio.NioEventLoopGroup.newChild(NioEventLoopGroup.java:138)
	at io.netty.channel.nio.NioEventLoopGroup.newChild(NioEventLoopGroup.java:37)
	at io.netty.util.concurrent.MultithreadEventExecutorGroup.<init>(MultithreadEventExecutorGroup.java:84)
	at io.netty.util.concurrent.MultithreadEventExecutorGroup.<init>(MultithreadEventExecutorGroup.java:58)
	at io.netty.util.concurrent.MultithreadEventExecutorGroup.<init>(MultithreadEventExecutorGroup.java:47)
	at io.netty.channel.MultithreadEventLoopGroup.<init>(MultithreadEventLoopGroup.java:59)
	at io.netty.channel.nio.NioEventLoopGroup.<init>(NioEventLoopGroup.java:78)
	at io.netty.channel.nio.NioEventLoopGroup.<init>(NioEventLoopGroup.java:73)
	at io.netty.channel.nio.NioEventLoopGroup.<init>(NioEventLoopGroup.java:60)
	at io.vertx.core.net.impl.transport.Transport.eventLoopGroup(Transport.java:153)
	at io.vertx.core.impl.VertxImpl.<init>(VertxImpl.java:143)
	at io.vertx.core.impl.VertxImpl.vertx(VertxImpl.java:92)
	at io.vertx.core.impl.VertxFactoryImpl.vertx(VertxFactoryImpl.java:40)
	at io.vertx.core.impl.VertxFactoryImpl.vertx(VertxFactoryImpl.java:32)
	at io.vertx.core.Vertx.vertx(Vertx.java:85)
	at io.vertx.core.impl.launcher.commands.ClasspathHandler.create(ClasspathHandler.java:113)
	at io.vertx.core.impl.launcher.commands.BareCommand.startVertx(BareCommand.java:278)
	at io.vertx.core.impl.launcher.commands.BareCommand.run(BareCommand.java:192)
	at io.vertx.core.impl.launcher.commands.RunCommand.run(RunCommand.java:249)
	at io.vertx.core.impl.launcher.VertxCommandLauncher.execute(VertxCommandLauncher.java:248)
	at io.vertx.core.impl.launcher.VertxCommandLauncher.dispatch(VertxCommandLauncher.java:383)
	at io.vertx.core.impl.launcher.VertxCommandLauncher.dispatch(VertxCommandLauncher.java:346)
	at io.vertx.core.Launcher.main(Launcher.java:45)
17:55:00,883 DEBUG main PlatformDependent:<clinit>:890 - org.jctools-core.MpscChunkedArrayQueue: available
17:55:00,882 DEBUG main PlatformDependent0:<clinit>:385 - java.nio.DirectByteBuffer.<init>(long, int): unavailable
17:55:00,883 DEBUG main PlatformDependent:unsafeUnavailabilityCause0:1028 - sun.misc.Unsafe: available
17:55:00,908 DEBUG main PlatformDependent:maxDirectMemory0:1128 - maxDirectMemory: 2124414976 bytes (maybe)
17:55:00,909 DEBUG main PlatformDependent:tmpdir0:1147 - -Dio.netty.tmpdir: C:\Users\gus\AppData\Local\Temp (java.io.tmpdir)
17:55:00,909 DEBUG main PlatformDependent:bitMode0:1226 - -Dio.netty.bitMode: 64 (sun.arch.data.model)
17:55:00,911 DEBUG main PlatformDependent:<clinit>:173 - -Dio.netty.maxDirectMemory: -1 bytes
17:55:00,911 DEBUG main PlatformDependent:<clinit>:180 - -Dio.netty.uninitializedArrayAllocationThreshold: -1
17:55:00,913 DEBUG main CleanerJava9:<clinit>:71 - java.nio.ByteBuffer.cleaner(): available
17:55:00,913 DEBUG main PlatformDependent:<clinit>:200 - -Dio.netty.noPreferDirect: false
17:55:00,930 DEBUG main PlatformDependent:<clinit>:890 - org.jctools-core.MpscChunkedArrayQueue: available
17:55:01,313 DEBUG main DefaultDnsServerAddressStreamProvider:<clinit>:82 - Default DNS servers: [/192.168.0.1:53, /192.168.43.1:53] (sun.net.dns.ResolverConfiguration)
17:55:01,392 DEBUG main DefaultDnsServerAddressStreamProvider:<clinit>:82 - Default DNS servers: [/192.168.0.1:53, /192.168.43.1:53] (sun.net.dns.ResolverConfiguration)
17:55:01,450 DEBUG vert.x-eventloop-thread-0 PooledByteBufAllocator:<clinit>:142 - -Dio.netty.allocator.numHeapArenas: 16
17:55:01,453 DEBUG vert.x-eventloop-thread-0 PooledByteBufAllocator:<clinit>:143 - -Dio.netty.allocator.numDirectArenas: 16
17:55:01,454 DEBUG vert.x-eventloop-thread-0 PooledByteBufAllocator:<clinit>:145 - -Dio.netty.allocator.pageSize: 8192
17:55:01,455 DEBUG vert.x-eventloop-thread-0 PooledByteBufAllocator:<clinit>:150 - -Dio.netty.allocator.maxOrder: 11
17:55:01,456 DEBUG vert.x-eventloop-thread-0 PooledByteBufAllocator:<clinit>:154 - -Dio.netty.allocator.chunkSize: 16777216
17:55:01,457 DEBUG vert.x-eventloop-thread-0 PooledByteBufAllocator:<clinit>:155 - -Dio.netty.allocator.tinyCacheSize: 512
17:55:01,457 DEBUG vert.x-eventloop-thread-0 PooledByteBufAllocator:<clinit>:156 - -Dio.netty.allocator.smallCacheSize: 256
17:55:01,457 DEBUG vert.x-eventloop-thread-0 PooledByteBufAllocator:<clinit>:157 - -Dio.netty.allocator.normalCacheSize: 64
17:55:01,458 DEBUG vert.x-eventloop-thread-0 PooledByteBufAllocator:<clinit>:158 - -Dio.netty.allocator.maxCachedBufferCapacity: 32768
17:55:01,458 DEBUG vert.x-eventloop-thread-0 PooledByteBufAllocator:<clinit>:159 - -Dio.netty.allocator.cacheTrimInterval: 8192
17:55:01,459 DEBUG vert.x-eventloop-thread-0 PooledByteBufAllocator:<clinit>:160 - -Dio.netty.allocator.cacheTrimIntervalMillis: 0
17:55:01,459 DEBUG vert.x-eventloop-thread-0 PooledByteBufAllocator:<clinit>:161 - -Dio.netty.allocator.useCacheForAllThreads: true
17:55:01,459 DEBUG vert.x-eventloop-thread-0 PooledByteBufAllocator:<clinit>:162 - -Dio.netty.allocator.maxCachedByteBuffersPerChunk: 1023
17:55:01,558 DEBUG vert.x-eventloop-thread-0 NetUtil:<clinit>:139 - -Djava.net.preferIPv4Stack: false
17:55:01,558 DEBUG vert.x-eventloop-thread-0 NetUtil:<clinit>:140 - -Djava.net.preferIPv6Addresses: false
17:55:01,595 DEBUG vert.x-eventloop-thread-0 PooledByteBufAllocator:<clinit>:142 - -Dio.netty.allocator.numHeapArenas: 16
17:55:01,596 DEBUG vert.x-eventloop-thread-0 PooledByteBufAllocator:<clinit>:143 - -Dio.netty.allocator.numDirectArenas: 16
17:55:01,597 DEBUG vert.x-eventloop-thread-0 PooledByteBufAllocator:<clinit>:145 - -Dio.netty.allocator.pageSize: 8192
17:55:01,597 DEBUG vert.x-eventloop-thread-0 PooledByteBufAllocator:<clinit>:150 - -Dio.netty.allocator.maxOrder: 11
17:55:01,597 DEBUG vert.x-eventloop-thread-0 PooledByteBufAllocator:<clinit>:154 - -Dio.netty.allocator.chunkSize: 16777216
17:55:01,598 DEBUG vert.x-eventloop-thread-0 PooledByteBufAllocator:<clinit>:155 - -Dio.netty.allocator.tinyCacheSize: 512
17:55:01,598 DEBUG vert.x-eventloop-thread-0 PooledByteBufAllocator:<clinit>:156 - -Dio.netty.allocator.smallCacheSize: 256
17:55:01,598 DEBUG vert.x-eventloop-thread-0 PooledByteBufAllocator:<clinit>:157 - -Dio.netty.allocator.normalCacheSize: 64
17:55:01,599 DEBUG vert.x-eventloop-thread-0 PooledByteBufAllocator:<clinit>:158 - -Dio.netty.allocator.maxCachedBufferCapacity: 32768
17:55:01,599 DEBUG vert.x-eventloop-thread-0 PooledByteBufAllocator:<clinit>:159 - -Dio.netty.allocator.cacheTrimInterval: 8192
17:55:01,599 DEBUG vert.x-eventloop-thread-0 PooledByteBufAllocator:<clinit>:160 - -Dio.netty.allocator.cacheTrimIntervalMillis: 0
17:55:01,600 DEBUG vert.x-eventloop-thread-0 PooledByteBufAllocator:<clinit>:161 - -Dio.netty.allocator.useCacheForAllThreads: true
17:55:01,600 DEBUG vert.x-eventloop-thread-0 PooledByteBufAllocator:<clinit>:162 - -Dio.netty.allocator.maxCachedByteBuffersPerChunk: 1023
17:55:01,676 DEBUG vert.x-eventloop-thread-0 NetUtil:<clinit>:139 - -Djava.net.preferIPv4Stack: false
17:55:01,677 DEBUG vert.x-eventloop-thread-0 NetUtil:<clinit>:140 - -Djava.net.preferIPv6Addresses: false
17:55:01,876 DEBUG vert.x-eventloop-thread-0 NetUtil:<clinit>:224 - Loopback interface: lo (Software Loopback Interface 1, 127.0.0.1)
17:55:01,877 DEBUG vert.x-eventloop-thread-0 NetUtil:run:289 - Failed to get SOMAXCONN from sysctl and file \proc\sys\net\core\somaxconn. Default: 200
17:55:01,946 DEBUG vert.x-eventloop-thread-0 NetUtil:<clinit>:224 - Loopback interface: lo (Software Loopback Interface 1, 127.0.0.1)
17:55:01,948 DEBUG vert.x-eventloop-thread-0 NetUtil:run:289 - Failed to get SOMAXCONN from sysctl and file \proc\sys\net\core\somaxconn. Default: 200
17:55:02,215 DEBUG vert.x-eventloop-thread-0 DefaultChannelId:<clinit>:79 - -Dio.netty.processId: 5244 (auto-detected)
17:55:02,303 DEBUG vert.x-eventloop-thread-0 DefaultChannelId:<clinit>:79 - -Dio.netty.processId: 20716 (auto-detected)
17:55:02,507 DEBUG vert.x-eventloop-thread-0 DefaultChannelId:<clinit>:101 - -Dio.netty.machineId: 80:2b:f9:ff:fe:5d:8f:73 (auto-detected)
17:55:02,546 DEBUG vert.x-eventloop-thread-0 ByteBufUtil:<clinit>:85 - -Dio.netty.allocator.type: pooled
17:55:02,547 DEBUG vert.x-eventloop-thread-0 ByteBufUtil:<clinit>:94 - -Dio.netty.threadLocalDirectBufferSize: 0
17:55:02,547 DEBUG vert.x-eventloop-thread-0 ByteBufUtil:<clinit>:97 - -Dio.netty.maxThreadLocalCharBufferSize: 16384
17:55:02,604 DEBUG vert.x-eventloop-thread-0 DefaultChannelId:<clinit>:101 - -Dio.netty.machineId: 80:2b:f9:ff:fe:5d:8f:73 (auto-detected)
17:55:02,639 DEBUG vert.x-eventloop-thread-0 ByteBufUtil:<clinit>:85 - -Dio.netty.allocator.type: pooled
17:55:02,640 DEBUG vert.x-eventloop-thread-0 ByteBufUtil:<clinit>:94 - -Dio.netty.threadLocalDirectBufferSize: 0
17:55:02,641 DEBUG vert.x-eventloop-thread-0 ByteBufUtil:<clinit>:97 - -Dio.netty.maxThreadLocalCharBufferSize: 16384
17:55:49,791 DEBUG main InternalLoggerFactory:newDefaultFactory:47 - Using Log4J as the default logging framework
17:55:49,796 DEBUG main ResourceLeakDetector:<clinit>:129 - -Dio.netty.leakDetection.level: simple
17:55:49,796 DEBUG main ResourceLeakDetector:<clinit>:130 - -Dio.netty.leakDetection.targetRecords: 4
17:55:49,809 DEBUG main InternalThreadLocalMap:<clinit>:54 - -Dio.netty.threadLocalMap.stringBuilder.initialSize: 1024
17:55:49,810 DEBUG main InternalThreadLocalMap:<clinit>:57 - -Dio.netty.threadLocalMap.stringBuilder.maxSize: 4096
17:55:49,820 DEBUG main MultithreadEventLoopGroup:<clinit>:44 - -Dio.netty.eventLoopThreads: 16
17:55:49,864 DEBUG main NioEventLoop:<clinit>:106 - -Dio.netty.noKeySetOptimization: false
17:55:49,865 DEBUG main NioEventLoop:<clinit>:107 - -Dio.netty.selectorAutoRebuildThreshold: 512
17:55:49,880 DEBUG main PlatformDependent:isWindows0:985 - Platform: Windows
17:55:49,888 DEBUG main PlatformDependent0:explicitNoUnsafeCause0:395 - -Dio.netty.noUnsafe: false
17:55:49,889 DEBUG main PlatformDependent0:javaVersion0:851 - Java version: 11
17:55:49,892 DEBUG main PlatformDependent0:<clinit>:120 - sun.misc.Unsafe.theUnsafe: available
17:55:49,893 DEBUG main PlatformDependent0:<clinit>:144 - sun.misc.Unsafe.copyMemory: available
17:55:49,894 DEBUG main PlatformDependent0:<clinit>:182 - java.nio.Buffer.address: available
17:55:49,895 DEBUG main PlatformDependent0:<clinit>:252 - direct buffer constructor: unavailable
java.lang.UnsupportedOperationException: Reflective setAccessible(true) disabled
	at io.netty.util.internal.ReflectionUtil.trySetAccessible(ReflectionUtil.java:31)
	at io.netty.util.internal.PlatformDependent0$4.run(PlatformDependent0.java:224)
	at java.base/java.security.AccessController.doPrivileged(Native Method)
	at io.netty.util.internal.PlatformDependent0.<clinit>(PlatformDependent0.java:218)
	at io.netty.util.internal.PlatformDependent.isAndroid(PlatformDependent.java:272)
	at io.netty.util.internal.PlatformDependent.<clinit>(PlatformDependent.java:92)
	at io.netty.channel.nio.NioEventLoop.newTaskQueue0(NioEventLoop.java:285)
	at io.netty.channel.nio.NioEventLoop.newTaskQueue(NioEventLoop.java:156)
	at io.netty.channel.nio.NioEventLoop.<init>(NioEventLoop.java:138)
	at io.netty.channel.nio.NioEventLoopGroup.newChild(NioEventLoopGroup.java:138)
	at io.netty.channel.nio.NioEventLoopGroup.newChild(NioEventLoopGroup.java:37)
	at io.netty.util.concurrent.MultithreadEventExecutorGroup.<init>(MultithreadEventExecutorGroup.java:84)
	at io.netty.util.concurrent.MultithreadEventExecutorGroup.<init>(MultithreadEventExecutorGroup.java:58)
	at io.netty.util.concurrent.MultithreadEventExecutorGroup.<init>(MultithreadEventExecutorGroup.java:47)
	at io.netty.channel.MultithreadEventLoopGroup.<init>(MultithreadEventLoopGroup.java:59)
	at io.netty.channel.nio.NioEventLoopGroup.<init>(NioEventLoopGroup.java:78)
	at io.netty.channel.nio.NioEventLoopGroup.<init>(NioEventLoopGroup.java:73)
	at io.netty.channel.nio.NioEventLoopGroup.<init>(NioEventLoopGroup.java:60)
	at io.vertx.core.net.impl.transport.Transport.eventLoopGroup(Transport.java:153)
	at io.vertx.core.impl.VertxImpl.<init>(VertxImpl.java:143)
	at io.vertx.core.impl.VertxImpl.vertx(VertxImpl.java:92)
	at io.vertx.core.impl.VertxFactoryImpl.vertx(VertxFactoryImpl.java:40)
	at io.vertx.core.impl.VertxFactoryImpl.vertx(VertxFactoryImpl.java:32)
	at io.vertx.core.Vertx.vertx(Vertx.java:85)
	at io.vertx.core.impl.launcher.commands.ClasspathHandler.create(ClasspathHandler.java:113)
	at io.vertx.core.impl.launcher.commands.BareCommand.startVertx(BareCommand.java:278)
	at io.vertx.core.impl.launcher.commands.BareCommand.run(BareCommand.java:192)
	at io.vertx.core.impl.launcher.commands.RunCommand.run(RunCommand.java:249)
	at io.vertx.core.impl.launcher.VertxCommandLauncher.execute(VertxCommandLauncher.java:248)
	at io.vertx.core.impl.launcher.VertxCommandLauncher.dispatch(VertxCommandLauncher.java:383)
	at io.vertx.core.impl.launcher.VertxCommandLauncher.dispatch(VertxCommandLauncher.java:346)
	at io.vertx.core.Launcher.main(Launcher.java:45)
17:55:49,899 DEBUG main PlatformDependent0:<clinit>:313 - java.nio.Bits.unaligned: available, true
17:55:49,903 DEBUG main PlatformDependent0:<clinit>:372 - jdk.internal.misc.Unsafe.allocateUninitializedArray(int): unavailable
java.lang.IllegalAccessException: class io.netty.util.internal.PlatformDependent0$6 cannot access class jdk.internal.misc.Unsafe (in module java.base) because module java.base does not export jdk.internal.misc to unnamed module @424e1977
	at java.base/jdk.internal.reflect.Reflection.newIllegalAccessException(Reflection.java:361)
	at java.base/java.lang.reflect.AccessibleObject.checkAccess(AccessibleObject.java:591)
	at java.base/java.lang.reflect.Method.invoke(Method.java:558)
	at io.netty.util.internal.PlatformDependent0$6.run(PlatformDependent0.java:334)
	at java.base/java.security.AccessController.doPrivileged(Native Method)
	at io.netty.util.internal.PlatformDependent0.<clinit>(PlatformDependent0.java:325)
	at io.netty.util.internal.PlatformDependent.isAndroid(PlatformDependent.java:272)
	at io.netty.util.internal.PlatformDependent.<clinit>(PlatformDependent.java:92)
	at io.netty.channel.nio.NioEventLoop.newTaskQueue0(NioEventLoop.java:285)
	at io.netty.channel.nio.NioEventLoop.newTaskQueue(NioEventLoop.java:156)
	at io.netty.channel.nio.NioEventLoop.<init>(NioEventLoop.java:138)
	at io.netty.channel.nio.NioEventLoopGroup.newChild(NioEventLoopGroup.java:138)
	at io.netty.channel.nio.NioEventLoopGroup.newChild(NioEventLoopGroup.java:37)
	at io.netty.util.concurrent.MultithreadEventExecutorGroup.<init>(MultithreadEventExecutorGroup.java:84)
	at io.netty.util.concurrent.MultithreadEventExecutorGroup.<init>(MultithreadEventExecutorGroup.java:58)
	at io.netty.util.concurrent.MultithreadEventExecutorGroup.<init>(MultithreadEventExecutorGroup.java:47)
	at io.netty.channel.MultithreadEventLoopGroup.<init>(MultithreadEventLoopGroup.java:59)
	at io.netty.channel.nio.NioEventLoopGroup.<init>(NioEventLoopGroup.java:78)
	at io.netty.channel.nio.NioEventLoopGroup.<init>(NioEventLoopGroup.java:73)
	at io.netty.channel.nio.NioEventLoopGroup.<init>(NioEventLoopGroup.java:60)
	at io.vertx.core.net.impl.transport.Transport.eventLoopGroup(Transport.java:153)
	at io.vertx.core.impl.VertxImpl.<init>(VertxImpl.java:143)
	at io.vertx.core.impl.VertxImpl.vertx(VertxImpl.java:92)
	at io.vertx.core.impl.VertxFactoryImpl.vertx(VertxFactoryImpl.java:40)
	at io.vertx.core.impl.VertxFactoryImpl.vertx(VertxFactoryImpl.java:32)
	at io.vertx.core.Vertx.vertx(Vertx.java:85)
	at io.vertx.core.impl.launcher.commands.ClasspathHandler.create(ClasspathHandler.java:113)
	at io.vertx.core.impl.launcher.commands.BareCommand.startVertx(BareCommand.java:278)
	at io.vertx.core.impl.launcher.commands.BareCommand.run(BareCommand.java:192)
	at io.vertx.core.impl.launcher.commands.RunCommand.run(RunCommand.java:249)
	at io.vertx.core.impl.launcher.VertxCommandLauncher.execute(VertxCommandLauncher.java:248)
	at io.vertx.core.impl.launcher.VertxCommandLauncher.dispatch(VertxCommandLauncher.java:383)
	at io.vertx.core.impl.launcher.VertxCommandLauncher.dispatch(VertxCommandLauncher.java:346)
	at io.vertx.core.Launcher.main(Launcher.java:45)
17:55:49,905 DEBUG main PlatformDependent0:<clinit>:385 - java.nio.DirectByteBuffer.<init>(long, int): unavailable
17:55:49,905 DEBUG main PlatformDependent:unsafeUnavailabilityCause0:1028 - sun.misc.Unsafe: available
17:55:49,925 DEBUG main PlatformDependent:maxDirectMemory0:1128 - maxDirectMemory: 2124414976 bytes (maybe)
17:55:49,925 DEBUG main PlatformDependent:tmpdir0:1147 - -Dio.netty.tmpdir: C:\Users\gus\AppData\Local\Temp (java.io.tmpdir)
17:55:49,925 DEBUG main PlatformDependent:bitMode0:1226 - -Dio.netty.bitMode: 64 (sun.arch.data.model)
17:55:49,927 DEBUG main PlatformDependent:<clinit>:173 - -Dio.netty.maxDirectMemory: -1 bytes
17:55:49,927 DEBUG main PlatformDependent:<clinit>:180 - -Dio.netty.uninitializedArrayAllocationThreshold: -1
17:55:49,928 DEBUG main CleanerJava9:<clinit>:71 - java.nio.ByteBuffer.cleaner(): available
17:55:49,928 DEBUG main PlatformDependent:<clinit>:200 - -Dio.netty.noPreferDirect: false
17:55:49,937 DEBUG main PlatformDependent:<clinit>:890 - org.jctools-core.MpscChunkedArrayQueue: available
17:55:50,288 DEBUG main DefaultDnsServerAddressStreamProvider:<clinit>:82 - Default DNS servers: [/192.168.0.1:53, /192.168.43.1:53] (sun.net.dns.ResolverConfiguration)
17:55:50,398 DEBUG vert.x-eventloop-thread-0 PooledByteBufAllocator:<clinit>:142 - -Dio.netty.allocator.numHeapArenas: 16
17:55:50,399 DEBUG vert.x-eventloop-thread-0 PooledByteBufAllocator:<clinit>:143 - -Dio.netty.allocator.numDirectArenas: 16
17:55:50,400 DEBUG vert.x-eventloop-thread-0 PooledByteBufAllocator:<clinit>:145 - -Dio.netty.allocator.pageSize: 8192
17:55:50,400 DEBUG vert.x-eventloop-thread-0 PooledByteBufAllocator:<clinit>:150 - -Dio.netty.allocator.maxOrder: 11
17:55:50,400 DEBUG vert.x-eventloop-thread-0 PooledByteBufAllocator:<clinit>:154 - -Dio.netty.allocator.chunkSize: 16777216
17:55:50,400 DEBUG vert.x-eventloop-thread-0 PooledByteBufAllocator:<clinit>:155 - -Dio.netty.allocator.tinyCacheSize: 512
17:55:50,400 DEBUG vert.x-eventloop-thread-0 PooledByteBufAllocator:<clinit>:156 - -Dio.netty.allocator.smallCacheSize: 256
17:55:50,400 DEBUG vert.x-eventloop-thread-0 PooledByteBufAllocator:<clinit>:157 - -Dio.netty.allocator.normalCacheSize: 64
17:55:50,400 DEBUG vert.x-eventloop-thread-0 PooledByteBufAllocator:<clinit>:158 - -Dio.netty.allocator.maxCachedBufferCapacity: 32768
17:55:50,401 DEBUG vert.x-eventloop-thread-0 PooledByteBufAllocator:<clinit>:159 - -Dio.netty.allocator.cacheTrimInterval: 8192
17:55:50,401 DEBUG vert.x-eventloop-thread-0 PooledByteBufAllocator:<clinit>:160 - -Dio.netty.allocator.cacheTrimIntervalMillis: 0
17:55:50,401 DEBUG vert.x-eventloop-thread-0 PooledByteBufAllocator:<clinit>:161 - -Dio.netty.allocator.useCacheForAllThreads: true
17:55:50,401 DEBUG vert.x-eventloop-thread-0 PooledByteBufAllocator:<clinit>:162 - -Dio.netty.allocator.maxCachedByteBuffersPerChunk: 1023
17:55:50,444 DEBUG vert.x-eventloop-thread-0 NetUtil:<clinit>:139 - -Djava.net.preferIPv4Stack: false
17:55:50,445 DEBUG vert.x-eventloop-thread-0 NetUtil:<clinit>:140 - -Djava.net.preferIPv6Addresses: false
17:55:50,680 DEBUG vert.x-eventloop-thread-0 NetUtil:<clinit>:224 - Loopback interface: lo (Software Loopback Interface 1, 127.0.0.1)
17:55:50,681 DEBUG vert.x-eventloop-thread-0 NetUtil:run:289 - Failed to get SOMAXCONN from sysctl and file \proc\sys\net\core\somaxconn. Default: 200
17:55:50,957 DEBUG vert.x-eventloop-thread-0 DefaultChannelId:<clinit>:79 - -Dio.netty.processId: 8760 (auto-detected)
17:55:51,189 DEBUG vert.x-eventloop-thread-0 DefaultChannelId:<clinit>:101 - -Dio.netty.machineId: 80:2b:f9:ff:fe:5d:8f:73 (auto-detected)
17:55:51,208 DEBUG vert.x-eventloop-thread-0 ByteBufUtil:<clinit>:85 - -Dio.netty.allocator.type: pooled
17:55:51,209 DEBUG vert.x-eventloop-thread-0 ByteBufUtil:<clinit>:94 - -Dio.netty.threadLocalDirectBufferSize: 0
17:55:51,209 DEBUG vert.x-eventloop-thread-0 ByteBufUtil:<clinit>:97 - -Dio.netty.maxThreadLocalCharBufferSize: 16384
17:56:09,208 DEBUG main InternalLoggerFactory:newDefaultFactory:47 - Using Log4J as the default logging framework
17:56:09,213 DEBUG main ResourceLeakDetector:<clinit>:129 - -Dio.netty.leakDetection.level: simple
17:56:09,213 DEBUG main ResourceLeakDetector:<clinit>:130 - -Dio.netty.leakDetection.targetRecords: 4
17:56:09,231 DEBUG main InternalThreadLocalMap:<clinit>:54 - -Dio.netty.threadLocalMap.stringBuilder.initialSize: 1024
17:56:09,231 DEBUG main InternalThreadLocalMap:<clinit>:57 - -Dio.netty.threadLocalMap.stringBuilder.maxSize: 4096
17:56:09,239 DEBUG main MultithreadEventLoopGroup:<clinit>:44 - -Dio.netty.eventLoopThreads: 16
17:56:09,270 DEBUG main NioEventLoop:<clinit>:106 - -Dio.netty.noKeySetOptimization: false
17:56:09,270 DEBUG main NioEventLoop:<clinit>:107 - -Dio.netty.selectorAutoRebuildThreshold: 512
17:56:09,292 DEBUG main PlatformDependent:isWindows0:985 - Platform: Windows
17:56:09,295 DEBUG main PlatformDependent0:explicitNoUnsafeCause0:395 - -Dio.netty.noUnsafe: false
17:56:09,295 DEBUG main PlatformDependent0:javaVersion0:851 - Java version: 11
17:56:09,298 DEBUG main PlatformDependent0:<clinit>:120 - sun.misc.Unsafe.theUnsafe: available
17:56:09,299 DEBUG main PlatformDependent0:<clinit>:144 - sun.misc.Unsafe.copyMemory: available
17:56:09,299 DEBUG main PlatformDependent0:<clinit>:182 - java.nio.Buffer.address: available
17:56:09,300 DEBUG main PlatformDependent0:<clinit>:252 - direct buffer constructor: unavailable
java.lang.UnsupportedOperationException: Reflective setAccessible(true) disabled
	at io.netty.util.internal.ReflectionUtil.trySetAccessible(ReflectionUtil.java:31)
	at io.netty.util.internal.PlatformDependent0$4.run(PlatformDependent0.java:224)
	at java.base/java.security.AccessController.doPrivileged(Native Method)
	at io.netty.util.internal.PlatformDependent0.<clinit>(PlatformDependent0.java:218)
	at io.netty.util.internal.PlatformDependent.isAndroid(PlatformDependent.java:272)
	at io.netty.util.internal.PlatformDependent.<clinit>(PlatformDependent.java:92)
	at io.netty.channel.nio.NioEventLoop.newTaskQueue0(NioEventLoop.java:285)
	at io.netty.channel.nio.NioEventLoop.newTaskQueue(NioEventLoop.java:156)
	at io.netty.channel.nio.NioEventLoop.<init>(NioEventLoop.java:138)
	at io.netty.channel.nio.NioEventLoopGroup.newChild(NioEventLoopGroup.java:138)
	at io.netty.channel.nio.NioEventLoopGroup.newChild(NioEventLoopGroup.java:37)
	at io.netty.util.concurrent.MultithreadEventExecutorGroup.<init>(MultithreadEventExecutorGroup.java:84)
	at io.netty.util.concurrent.MultithreadEventExecutorGroup.<init>(MultithreadEventExecutorGroup.java:58)
	at io.netty.util.concurrent.MultithreadEventExecutorGroup.<init>(MultithreadEventExecutorGroup.java:47)
	at io.netty.channel.MultithreadEventLoopGroup.<init>(MultithreadEventLoopGroup.java:59)
	at io.netty.channel.nio.NioEventLoopGroup.<init>(NioEventLoopGroup.java:78)
	at io.netty.channel.nio.NioEventLoopGroup.<init>(NioEventLoopGroup.java:73)
	at io.netty.channel.nio.NioEventLoopGroup.<init>(NioEventLoopGroup.java:60)
	at io.vertx.core.net.impl.transport.Transport.eventLoopGroup(Transport.java:153)
	at io.vertx.core.impl.VertxImpl.<init>(VertxImpl.java:143)
	at io.vertx.core.impl.VertxImpl.vertx(VertxImpl.java:92)
	at io.vertx.core.impl.VertxFactoryImpl.vertx(VertxFactoryImpl.java:40)
	at io.vertx.core.impl.VertxFactoryImpl.vertx(VertxFactoryImpl.java:32)
	at io.vertx.core.Vertx.vertx(Vertx.java:85)
	at io.vertx.core.impl.launcher.commands.ClasspathHandler.create(ClasspathHandler.java:113)
	at io.vertx.core.impl.launcher.commands.BareCommand.startVertx(BareCommand.java:278)
	at io.vertx.core.impl.launcher.commands.BareCommand.run(BareCommand.java:192)
	at io.vertx.core.impl.launcher.commands.RunCommand.run(RunCommand.java:249)
	at io.vertx.core.impl.launcher.VertxCommandLauncher.execute(VertxCommandLauncher.java:248)
	at io.vertx.core.impl.launcher.VertxCommandLauncher.dispatch(VertxCommandLauncher.java:383)
	at io.vertx.core.impl.launcher.VertxCommandLauncher.dispatch(VertxCommandLauncher.java:346)
	at io.vertx.core.Launcher.main(Launcher.java:45)
17:56:09,306 DEBUG main PlatformDependent0:<clinit>:313 - java.nio.Bits.unaligned: available, true
17:56:09,309 DEBUG main PlatformDependent0:<clinit>:372 - jdk.internal.misc.Unsafe.allocateUninitializedArray(int): unavailable
java.lang.IllegalAccessException: class io.netty.util.internal.PlatformDependent0$6 cannot access class jdk.internal.misc.Unsafe (in module java.base) because module java.base does not export jdk.internal.misc to unnamed module @424e1977
	at java.base/jdk.internal.reflect.Reflection.newIllegalAccessException(Reflection.java:361)
	at java.base/java.lang.reflect.AccessibleObject.checkAccess(AccessibleObject.java:591)
	at java.base/java.lang.reflect.Method.invoke(Method.java:558)
	at io.netty.util.internal.PlatformDependent0$6.run(PlatformDependent0.java:334)
	at java.base/java.security.AccessController.doPrivileged(Native Method)
	at io.netty.util.internal.PlatformDependent0.<clinit>(PlatformDependent0.java:325)
	at io.netty.util.internal.PlatformDependent.isAndroid(PlatformDependent.java:272)
	at io.netty.util.internal.PlatformDependent.<clinit>(PlatformDependent.java:92)
	at io.netty.channel.nio.NioEventLoop.newTaskQueue0(NioEventLoop.java:285)
	at io.netty.channel.nio.NioEventLoop.newTaskQueue(NioEventLoop.java:156)
	at io.netty.channel.nio.NioEventLoop.<init>(NioEventLoop.java:138)
	at io.netty.channel.nio.NioEventLoopGroup.newChild(NioEventLoopGroup.java:138)
	at io.netty.channel.nio.NioEventLoopGroup.newChild(NioEventLoopGroup.java:37)
	at io.netty.util.concurrent.MultithreadEventExecutorGroup.<init>(MultithreadEventExecutorGroup.java:84)
	at io.netty.util.concurrent.MultithreadEventExecutorGroup.<init>(MultithreadEventExecutorGroup.java:58)
	at io.netty.util.concurrent.MultithreadEventExecutorGroup.<init>(MultithreadEventExecutorGroup.java:47)
	at io.netty.channel.MultithreadEventLoopGroup.<init>(MultithreadEventLoopGroup.java:59)
	at io.netty.channel.nio.NioEventLoopGroup.<init>(NioEventLoopGroup.java:78)
	at io.netty.channel.nio.NioEventLoopGroup.<init>(NioEventLoopGroup.java:73)
	at io.netty.channel.nio.NioEventLoopGroup.<init>(NioEventLoopGroup.java:60)
	at io.vertx.core.net.impl.transport.Transport.eventLoopGroup(Transport.java:153)
	at io.vertx.core.impl.VertxImpl.<init>(VertxImpl.java:143)
	at io.vertx.core.impl.VertxImpl.vertx(VertxImpl.java:92)
	at io.vertx.core.impl.VertxFactoryImpl.vertx(VertxFactoryImpl.java:40)
	at io.vertx.core.impl.VertxFactoryImpl.vertx(VertxFactoryImpl.java:32)
	at io.vertx.core.Vertx.vertx(Vertx.java:85)
	at io.vertx.core.impl.launcher.commands.ClasspathHandler.create(ClasspathHandler.java:113)
	at io.vertx.core.impl.launcher.commands.BareCommand.startVertx(BareCommand.java:278)
	at io.vertx.core.impl.launcher.commands.BareCommand.run(BareCommand.java:192)
	at io.vertx.core.impl.launcher.commands.RunCommand.run(RunCommand.java:249)
	at io.vertx.core.impl.launcher.VertxCommandLauncher.execute(VertxCommandLauncher.java:248)
	at io.vertx.core.impl.launcher.VertxCommandLauncher.dispatch(VertxCommandLauncher.java:383)
	at io.vertx.core.impl.launcher.VertxCommandLauncher.dispatch(VertxCommandLauncher.java:346)
	at io.vertx.core.Launcher.main(Launcher.java:45)
17:56:09,311 DEBUG main PlatformDependent0:<clinit>:385 - java.nio.DirectByteBuffer.<init>(long, int): unavailable
17:56:09,311 DEBUG main PlatformDependent:unsafeUnavailabilityCause0:1028 - sun.misc.Unsafe: available
17:56:09,338 DEBUG main PlatformDependent:maxDirectMemory0:1128 - maxDirectMemory: 2124414976 bytes (maybe)
17:56:09,338 DEBUG main PlatformDependent:tmpdir0:1147 - -Dio.netty.tmpdir: C:\Users\gus\AppData\Local\Temp (java.io.tmpdir)
17:56:09,338 DEBUG main PlatformDependent:bitMode0:1226 - -Dio.netty.bitMode: 64 (sun.arch.data.model)
17:56:09,340 DEBUG main PlatformDependent:<clinit>:173 - -Dio.netty.maxDirectMemory: -1 bytes
17:56:09,340 DEBUG main PlatformDependent:<clinit>:180 - -Dio.netty.uninitializedArrayAllocationThreshold: -1
17:56:09,341 DEBUG main CleanerJava9:<clinit>:71 - java.nio.ByteBuffer.cleaner(): available
17:56:09,341 DEBUG main PlatformDependent:<clinit>:200 - -Dio.netty.noPreferDirect: false
17:56:09,352 DEBUG main PlatformDependent:<clinit>:890 - org.jctools-core.MpscChunkedArrayQueue: available
17:56:09,701 DEBUG main DefaultDnsServerAddressStreamProvider:<clinit>:82 - Default DNS servers: [/192.168.0.1:53, /192.168.43.1:53] (sun.net.dns.ResolverConfiguration)
17:56:09,810 DEBUG vert.x-eventloop-thread-0 PooledByteBufAllocator:<clinit>:142 - -Dio.netty.allocator.numHeapArenas: 16
17:56:09,812 DEBUG vert.x-eventloop-thread-0 PooledByteBufAllocator:<clinit>:143 - -Dio.netty.allocator.numDirectArenas: 16
17:56:09,812 DEBUG vert.x-eventloop-thread-0 PooledByteBufAllocator:<clinit>:145 - -Dio.netty.allocator.pageSize: 8192
17:56:09,812 DEBUG vert.x-eventloop-thread-0 PooledByteBufAllocator:<clinit>:150 - -Dio.netty.allocator.maxOrder: 11
17:56:09,812 DEBUG vert.x-eventloop-thread-0 PooledByteBufAllocator:<clinit>:154 - -Dio.netty.allocator.chunkSize: 16777216
17:56:09,813 DEBUG vert.x-eventloop-thread-0 PooledByteBufAllocator:<clinit>:155 - -Dio.netty.allocator.tinyCacheSize: 512
17:56:09,813 DEBUG vert.x-eventloop-thread-0 PooledByteBufAllocator:<clinit>:156 - -Dio.netty.allocator.smallCacheSize: 256
17:56:09,813 DEBUG vert.x-eventloop-thread-0 PooledByteBufAllocator:<clinit>:157 - -Dio.netty.allocator.normalCacheSize: 64
17:56:09,813 DEBUG vert.x-eventloop-thread-0 PooledByteBufAllocator:<clinit>:158 - -Dio.netty.allocator.maxCachedBufferCapacity: 32768
17:56:09,813 DEBUG vert.x-eventloop-thread-0 PooledByteBufAllocator:<clinit>:159 - -Dio.netty.allocator.cacheTrimInterval: 8192
17:56:09,814 DEBUG vert.x-eventloop-thread-0 PooledByteBufAllocator:<clinit>:160 - -Dio.netty.allocator.cacheTrimIntervalMillis: 0
17:56:09,814 DEBUG vert.x-eventloop-thread-0 PooledByteBufAllocator:<clinit>:161 - -Dio.netty.allocator.useCacheForAllThreads: true
17:56:09,814 DEBUG vert.x-eventloop-thread-0 PooledByteBufAllocator:<clinit>:162 - -Dio.netty.allocator.maxCachedByteBuffersPerChunk: 1023
17:56:09,860 DEBUG vert.x-eventloop-thread-0 NetUtil:<clinit>:139 - -Djava.net.preferIPv4Stack: false
17:56:09,860 DEBUG vert.x-eventloop-thread-0 NetUtil:<clinit>:140 - -Djava.net.preferIPv6Addresses: false
17:56:10,083 DEBUG vert.x-eventloop-thread-0 NetUtil:<clinit>:224 - Loopback interface: lo (Software Loopback Interface 1, 127.0.0.1)
17:56:10,087 DEBUG vert.x-eventloop-thread-0 NetUtil:run:289 - Failed to get SOMAXCONN from sysctl and file \proc\sys\net\core\somaxconn. Default: 200
17:56:10,341 DEBUG vert.x-eventloop-thread-0 DefaultChannelId:<clinit>:79 - -Dio.netty.processId: 18788 (auto-detected)
17:56:10,580 DEBUG vert.x-eventloop-thread-0 DefaultChannelId:<clinit>:101 - -Dio.netty.machineId: 80:2b:f9:ff:fe:5d:8f:73 (auto-detected)
17:56:10,610 DEBUG vert.x-eventloop-thread-0 ByteBufUtil:<clinit>:85 - -Dio.netty.allocator.type: pooled
17:56:10,610 DEBUG vert.x-eventloop-thread-0 ByteBufUtil:<clinit>:94 - -Dio.netty.threadLocalDirectBufferSize: 0
17:56:10,610 DEBUG vert.x-eventloop-thread-0 ByteBufUtil:<clinit>:97 - -Dio.netty.maxThreadLocalCharBufferSize: 16384
17:56:21,210 DEBUG vert.x-eventloop-thread-1 Recycler:<clinit>:96 - -Dio.netty.recycler.maxCapacityPerThread: 4096
17:56:21,211 DEBUG vert.x-eventloop-thread-1 Recycler:<clinit>:97 - -Dio.netty.recycler.maxSharedCapacityFactor: 2
17:56:21,211 DEBUG vert.x-eventloop-thread-1 Recycler:<clinit>:98 - -Dio.netty.recycler.linkCapacity: 16
17:56:21,211 DEBUG vert.x-eventloop-thread-1 Recycler:<clinit>:99 - -Dio.netty.recycler.ratio: 8
17:56:21,230 DEBUG vert.x-eventloop-thread-1 AbstractByteBuf:<clinit>:62 - -Dio.netty.buffer.checkAccessible: true
17:56:21,231 DEBUG vert.x-eventloop-thread-1 AbstractByteBuf:<clinit>:63 - -Dio.netty.buffer.checkBounds: true
17:56:21,233 DEBUG vert.x-eventloop-thread-1 ResourceLeakDetectorFactory:newResourceLeakDetector:195 - Loaded default ResourceLeakDetector: io.netty.util.ResourceLeakDetector@2dd9a322
17:56:21,344 DEBUG vert.x-eventloop-thread-1 ZlibCodecFactory:<clinit>:39 - -Dio.netty.noJdkZlibDecoder: false
17:56:21,344 DEBUG vert.x-eventloop-thread-1 ZlibCodecFactory:<clinit>:42 - -Dio.netty.noJdkZlibEncoder: false
18:01:40,337 DEBUG main InternalLoggerFactory:newDefaultFactory:47 - Using Log4J as the default logging framework
18:01:40,342 DEBUG main ResourceLeakDetector:<clinit>:129 - -Dio.netty.leakDetection.level: simple
18:01:40,342 DEBUG main ResourceLeakDetector:<clinit>:130 - -Dio.netty.leakDetection.targetRecords: 4
18:01:40,360 DEBUG main InternalThreadLocalMap:<clinit>:54 - -Dio.netty.threadLocalMap.stringBuilder.initialSize: 1024
18:01:40,361 DEBUG main InternalThreadLocalMap:<clinit>:57 - -Dio.netty.threadLocalMap.stringBuilder.maxSize: 4096
18:01:40,368 DEBUG main MultithreadEventLoopGroup:<clinit>:44 - -Dio.netty.eventLoopThreads: 16
18:01:40,407 DEBUG main NioEventLoop:<clinit>:106 - -Dio.netty.noKeySetOptimization: false
18:01:40,407 DEBUG main NioEventLoop:<clinit>:107 - -Dio.netty.selectorAutoRebuildThreshold: 512
18:01:40,428 DEBUG main PlatformDependent:isWindows0:985 - Platform: Windows
18:01:40,431 DEBUG main PlatformDependent0:explicitNoUnsafeCause0:395 - -Dio.netty.noUnsafe: false
18:01:40,431 DEBUG main PlatformDependent0:javaVersion0:851 - Java version: 11
18:01:40,434 DEBUG main PlatformDependent0:<clinit>:120 - sun.misc.Unsafe.theUnsafe: available
18:01:40,434 DEBUG main PlatformDependent0:<clinit>:144 - sun.misc.Unsafe.copyMemory: available
18:01:40,435 DEBUG main PlatformDependent0:<clinit>:182 - java.nio.Buffer.address: available
18:01:40,436 DEBUG main PlatformDependent0:<clinit>:252 - direct buffer constructor: unavailable
java.lang.UnsupportedOperationException: Reflective setAccessible(true) disabled
	at io.netty.util.internal.ReflectionUtil.trySetAccessible(ReflectionUtil.java:31)
	at io.netty.util.internal.PlatformDependent0$4.run(PlatformDependent0.java:224)
	at java.base/java.security.AccessController.doPrivileged(Native Method)
	at io.netty.util.internal.PlatformDependent0.<clinit>(PlatformDependent0.java:218)
	at io.netty.util.internal.PlatformDependent.isAndroid(PlatformDependent.java:272)
	at io.netty.util.internal.PlatformDependent.<clinit>(PlatformDependent.java:92)
	at io.netty.channel.nio.NioEventLoop.newTaskQueue0(NioEventLoop.java:285)
	at io.netty.channel.nio.NioEventLoop.newTaskQueue(NioEventLoop.java:156)
	at io.netty.channel.nio.NioEventLoop.<init>(NioEventLoop.java:138)
	at io.netty.channel.nio.NioEventLoopGroup.newChild(NioEventLoopGroup.java:138)
	at io.netty.channel.nio.NioEventLoopGroup.newChild(NioEventLoopGroup.java:37)
	at io.netty.util.concurrent.MultithreadEventExecutorGroup.<init>(MultithreadEventExecutorGroup.java:84)
	at io.netty.util.concurrent.MultithreadEventExecutorGroup.<init>(MultithreadEventExecutorGroup.java:58)
	at io.netty.util.concurrent.MultithreadEventExecutorGroup.<init>(MultithreadEventExecutorGroup.java:47)
	at io.netty.channel.MultithreadEventLoopGroup.<init>(MultithreadEventLoopGroup.java:59)
	at io.netty.channel.nio.NioEventLoopGroup.<init>(NioEventLoopGroup.java:78)
	at io.netty.channel.nio.NioEventLoopGroup.<init>(NioEventLoopGroup.java:73)
	at io.netty.channel.nio.NioEventLoopGroup.<init>(NioEventLoopGroup.java:60)
	at io.vertx.core.net.impl.transport.Transport.eventLoopGroup(Transport.java:153)
	at io.vertx.core.impl.VertxImpl.<init>(VertxImpl.java:143)
	at io.vertx.core.impl.VertxImpl.vertx(VertxImpl.java:92)
	at io.vertx.core.impl.VertxFactoryImpl.vertx(VertxFactoryImpl.java:40)
	at io.vertx.core.impl.VertxFactoryImpl.vertx(VertxFactoryImpl.java:32)
	at io.vertx.core.Vertx.vertx(Vertx.java:85)
	at io.vertx.core.impl.launcher.commands.ClasspathHandler.create(ClasspathHandler.java:113)
	at io.vertx.core.impl.launcher.commands.BareCommand.startVertx(BareCommand.java:278)
	at io.vertx.core.impl.launcher.commands.BareCommand.run(BareCommand.java:192)
	at io.vertx.core.impl.launcher.commands.RunCommand.run(RunCommand.java:249)
	at io.vertx.core.impl.launcher.VertxCommandLauncher.execute(VertxCommandLauncher.java:248)
	at io.vertx.core.impl.launcher.VertxCommandLauncher.dispatch(VertxCommandLauncher.java:383)
	at io.vertx.core.impl.launcher.VertxCommandLauncher.dispatch(VertxCommandLauncher.java:346)
	at io.vertx.core.Launcher.main(Launcher.java:45)
18:01:40,440 DEBUG main PlatformDependent0:<clinit>:313 - java.nio.Bits.unaligned: available, true
18:01:40,443 DEBUG main PlatformDependent0:<clinit>:372 - jdk.internal.misc.Unsafe.allocateUninitializedArray(int): unavailable
java.lang.IllegalAccessException: class io.netty.util.internal.PlatformDependent0$6 cannot access class jdk.internal.misc.Unsafe (in module java.base) because module java.base does not export jdk.internal.misc to unnamed module @424e1977
	at java.base/jdk.internal.reflect.Reflection.newIllegalAccessException(Reflection.java:361)
	at java.base/java.lang.reflect.AccessibleObject.checkAccess(AccessibleObject.java:591)
	at java.base/java.lang.reflect.Method.invoke(Method.java:558)
	at io.netty.util.internal.PlatformDependent0$6.run(PlatformDependent0.java:334)
	at java.base/java.security.AccessController.doPrivileged(Native Method)
	at io.netty.util.internal.PlatformDependent0.<clinit>(PlatformDependent0.java:325)
	at io.netty.util.internal.PlatformDependent.isAndroid(PlatformDependent.java:272)
	at io.netty.util.internal.PlatformDependent.<clinit>(PlatformDependent.java:92)
	at io.netty.channel.nio.NioEventLoop.newTaskQueue0(NioEventLoop.java:285)
	at io.netty.channel.nio.NioEventLoop.newTaskQueue(NioEventLoop.java:156)
	at io.netty.channel.nio.NioEventLoop.<init>(NioEventLoop.java:138)
	at io.netty.channel.nio.NioEventLoopGroup.newChild(NioEventLoopGroup.java:138)
	at io.netty.channel.nio.NioEventLoopGroup.newChild(NioEventLoopGroup.java:37)
	at io.netty.util.concurrent.MultithreadEventExecutorGroup.<init>(MultithreadEventExecutorGroup.java:84)
	at io.netty.util.concurrent.MultithreadEventExecutorGroup.<init>(MultithreadEventExecutorGroup.java:58)
	at io.netty.util.concurrent.MultithreadEventExecutorGroup.<init>(MultithreadEventExecutorGroup.java:47)
	at io.netty.channel.MultithreadEventLoopGroup.<init>(MultithreadEventLoopGroup.java:59)
	at io.netty.channel.nio.NioEventLoopGroup.<init>(NioEventLoopGroup.java:78)
	at io.netty.channel.nio.NioEventLoopGroup.<init>(NioEventLoopGroup.java:73)
	at io.netty.channel.nio.NioEventLoopGroup.<init>(NioEventLoopGroup.java:60)
	at io.vertx.core.net.impl.transport.Transport.eventLoopGroup(Transport.java:153)
	at io.vertx.core.impl.VertxImpl.<init>(VertxImpl.java:143)
	at io.vertx.core.impl.VertxImpl.vertx(VertxImpl.java:92)
	at io.vertx.core.impl.VertxFactoryImpl.vertx(VertxFactoryImpl.java:40)
	at io.vertx.core.impl.VertxFactoryImpl.vertx(VertxFactoryImpl.java:32)
	at io.vertx.core.Vertx.vertx(Vertx.java:85)
	at io.vertx.core.impl.launcher.commands.ClasspathHandler.create(ClasspathHandler.java:113)
	at io.vertx.core.impl.launcher.commands.BareCommand.startVertx(BareCommand.java:278)
	at io.vertx.core.impl.launcher.commands.BareCommand.run(BareCommand.java:192)
	at io.vertx.core.impl.launcher.commands.RunCommand.run(RunCommand.java:249)
	at io.vertx.core.impl.launcher.VertxCommandLauncher.execute(VertxCommandLauncher.java:248)
	at io.vertx.core.impl.launcher.VertxCommandLauncher.dispatch(VertxCommandLauncher.java:383)
	at io.vertx.core.impl.launcher.VertxCommandLauncher.dispatch(VertxCommandLauncher.java:346)
	at io.vertx.core.Launcher.main(Launcher.java:45)
18:01:40,444 DEBUG main PlatformDependent0:<clinit>:385 - java.nio.DirectByteBuffer.<init>(long, int): unavailable
18:01:40,445 DEBUG main PlatformDependent:unsafeUnavailabilityCause0:1028 - sun.misc.Unsafe: available
18:01:40,469 DEBUG main PlatformDependent:maxDirectMemory0:1128 - maxDirectMemory: 2124414976 bytes (maybe)
18:01:40,470 DEBUG main PlatformDependent:tmpdir0:1147 - -Dio.netty.tmpdir: C:\Users\gus\AppData\Local\Temp (java.io.tmpdir)
18:01:40,470 DEBUG main PlatformDependent:bitMode0:1226 - -Dio.netty.bitMode: 64 (sun.arch.data.model)
18:01:40,471 DEBUG main PlatformDependent:<clinit>:173 - -Dio.netty.maxDirectMemory: -1 bytes
18:01:40,472 DEBUG main PlatformDependent:<clinit>:180 - -Dio.netty.uninitializedArrayAllocationThreshold: -1
18:01:40,473 DEBUG main CleanerJava9:<clinit>:71 - java.nio.ByteBuffer.cleaner(): available
18:01:40,473 DEBUG main PlatformDependent:<clinit>:200 - -Dio.netty.noPreferDirect: false
18:01:40,482 DEBUG main PlatformDependent:<clinit>:890 - org.jctools-core.MpscChunkedArrayQueue: available
18:01:40,845 DEBUG main DefaultDnsServerAddressStreamProvider:<clinit>:82 - Default DNS servers: [/192.168.0.1:53, /192.168.43.1:53] (sun.net.dns.ResolverConfiguration)
18:01:40,965 DEBUG vert.x-eventloop-thread-0 PooledByteBufAllocator:<clinit>:142 - -Dio.netty.allocator.numHeapArenas: 16
18:01:40,967 DEBUG vert.x-eventloop-thread-0 PooledByteBufAllocator:<clinit>:143 - -Dio.netty.allocator.numDirectArenas: 16
18:01:40,967 DEBUG vert.x-eventloop-thread-0 PooledByteBufAllocator:<clinit>:145 - -Dio.netty.allocator.pageSize: 8192
18:01:40,967 DEBUG vert.x-eventloop-thread-0 PooledByteBufAllocator:<clinit>:150 - -Dio.netty.allocator.maxOrder: 11
18:01:40,967 DEBUG vert.x-eventloop-thread-0 PooledByteBufAllocator:<clinit>:154 - -Dio.netty.allocator.chunkSize: 16777216
18:01:40,968 DEBUG vert.x-eventloop-thread-0 PooledByteBufAllocator:<clinit>:155 - -Dio.netty.allocator.tinyCacheSize: 512
18:01:40,968 DEBUG vert.x-eventloop-thread-0 PooledByteBufAllocator:<clinit>:156 - -Dio.netty.allocator.smallCacheSize: 256
18:01:40,968 DEBUG vert.x-eventloop-thread-0 PooledByteBufAllocator:<clinit>:157 - -Dio.netty.allocator.normalCacheSize: 64
18:01:40,968 DEBUG vert.x-eventloop-thread-0 PooledByteBufAllocator:<clinit>:158 - -Dio.netty.allocator.maxCachedBufferCapacity: 32768
18:01:40,968 DEBUG vert.x-eventloop-thread-0 PooledByteBufAllocator:<clinit>:159 - -Dio.netty.allocator.cacheTrimInterval: 8192
18:01:40,969 DEBUG vert.x-eventloop-thread-0 PooledByteBufAllocator:<clinit>:160 - -Dio.netty.allocator.cacheTrimIntervalMillis: 0
18:01:40,969 DEBUG vert.x-eventloop-thread-0 PooledByteBufAllocator:<clinit>:161 - -Dio.netty.allocator.useCacheForAllThreads: true
18:01:40,969 DEBUG vert.x-eventloop-thread-0 PooledByteBufAllocator:<clinit>:162 - -Dio.netty.allocator.maxCachedByteBuffersPerChunk: 1023
18:01:41,009 DEBUG vert.x-eventloop-thread-0 NetUtil:<clinit>:139 - -Djava.net.preferIPv4Stack: false
18:01:41,009 DEBUG vert.x-eventloop-thread-0 NetUtil:<clinit>:140 - -Djava.net.preferIPv6Addresses: false
18:01:41,233 DEBUG vert.x-eventloop-thread-0 NetUtil:<clinit>:224 - Loopback interface: lo (Software Loopback Interface 1, 127.0.0.1)
18:01:41,234 DEBUG vert.x-eventloop-thread-0 NetUtil:run:289 - Failed to get SOMAXCONN from sysctl and file \proc\sys\net\core\somaxconn. Default: 200
18:01:41,500 DEBUG vert.x-eventloop-thread-0 DefaultChannelId:<clinit>:79 - -Dio.netty.processId: 9096 (auto-detected)
18:01:41,770 DEBUG vert.x-eventloop-thread-0 DefaultChannelId:<clinit>:101 - -Dio.netty.machineId: 80:2b:f9:ff:fe:5d:8f:73 (auto-detected)
18:01:41,795 DEBUG vert.x-eventloop-thread-0 ByteBufUtil:<clinit>:85 - -Dio.netty.allocator.type: pooled
18:01:41,796 DEBUG vert.x-eventloop-thread-0 ByteBufUtil:<clinit>:94 - -Dio.netty.threadLocalDirectBufferSize: 0
18:01:41,796 DEBUG vert.x-eventloop-thread-0 ByteBufUtil:<clinit>:97 - -Dio.netty.maxThreadLocalCharBufferSize: 16384
18:01:50,194 DEBUG vert.x-eventloop-thread-1 Recycler:<clinit>:96 - -Dio.netty.recycler.maxCapacityPerThread: 4096
18:01:50,195 DEBUG vert.x-eventloop-thread-1 Recycler:<clinit>:97 - -Dio.netty.recycler.maxSharedCapacityFactor: 2
18:01:50,195 DEBUG vert.x-eventloop-thread-1 Recycler:<clinit>:98 - -Dio.netty.recycler.linkCapacity: 16
18:01:50,195 DEBUG vert.x-eventloop-thread-1 Recycler:<clinit>:99 - -Dio.netty.recycler.ratio: 8
18:01:50,207 DEBUG vert.x-eventloop-thread-1 AbstractByteBuf:<clinit>:62 - -Dio.netty.buffer.checkAccessible: true
18:01:50,208 DEBUG vert.x-eventloop-thread-1 AbstractByteBuf:<clinit>:63 - -Dio.netty.buffer.checkBounds: true
18:01:50,210 DEBUG vert.x-eventloop-thread-1 ResourceLeakDetectorFactory:newResourceLeakDetector:195 - Loaded default ResourceLeakDetector: io.netty.util.ResourceLeakDetector@2e08923e
18:01:50,332 DEBUG vert.x-eventloop-thread-1 ZlibCodecFactory:<clinit>:39 - -Dio.netty.noJdkZlibDecoder: false
18:01:50,332 DEBUG vert.x-eventloop-thread-1 ZlibCodecFactory:<clinit>:42 - -Dio.netty.noJdkZlibEncoder: false
18:15:20,832 DEBUG main InternalLoggerFactory:newDefaultFactory:47 - Using Log4J as the default logging framework
18:15:20,837 DEBUG main ResourceLeakDetector:<clinit>:129 - -Dio.netty.leakDetection.level: simple
18:15:20,838 DEBUG main ResourceLeakDetector:<clinit>:130 - -Dio.netty.leakDetection.targetRecords: 4
18:15:20,856 DEBUG main InternalThreadLocalMap:<clinit>:54 - -Dio.netty.threadLocalMap.stringBuilder.initialSize: 1024
18:15:20,857 DEBUG main InternalThreadLocalMap:<clinit>:57 - -Dio.netty.threadLocalMap.stringBuilder.maxSize: 4096
18:15:20,865 DEBUG main MultithreadEventLoopGroup:<clinit>:44 - -Dio.netty.eventLoopThreads: 16
18:15:20,897 DEBUG main NioEventLoop:<clinit>:106 - -Dio.netty.noKeySetOptimization: false
18:15:20,898 DEBUG main NioEventLoop:<clinit>:107 - -Dio.netty.selectorAutoRebuildThreshold: 512
18:15:20,913 DEBUG main PlatformDependent:isWindows0:985 - Platform: Windows
18:15:20,915 DEBUG main PlatformDependent0:explicitNoUnsafeCause0:395 - -Dio.netty.noUnsafe: false
18:15:20,916 DEBUG main PlatformDependent0:javaVersion0:851 - Java version: 11
18:15:20,924 DEBUG main PlatformDependent0:<clinit>:120 - sun.misc.Unsafe.theUnsafe: available
18:15:20,929 DEBUG main PlatformDependent0:<clinit>:144 - sun.misc.Unsafe.copyMemory: available
18:15:20,933 DEBUG main PlatformDependent0:<clinit>:182 - java.nio.Buffer.address: available
18:15:20,934 DEBUG main PlatformDependent0:<clinit>:252 - direct buffer constructor: unavailable
java.lang.UnsupportedOperationException: Reflective setAccessible(true) disabled
	at io.netty.util.internal.ReflectionUtil.trySetAccessible(ReflectionUtil.java:31)
	at io.netty.util.internal.PlatformDependent0$4.run(PlatformDependent0.java:224)
	at java.base/java.security.AccessController.doPrivileged(Native Method)
	at io.netty.util.internal.PlatformDependent0.<clinit>(PlatformDependent0.java:218)
	at io.netty.util.internal.PlatformDependent.isAndroid(PlatformDependent.java:272)
	at io.netty.util.internal.PlatformDependent.<clinit>(PlatformDependent.java:92)
	at io.netty.channel.nio.NioEventLoop.newTaskQueue0(NioEventLoop.java:285)
	at io.netty.channel.nio.NioEventLoop.newTaskQueue(NioEventLoop.java:156)
	at io.netty.channel.nio.NioEventLoop.<init>(NioEventLoop.java:138)
	at io.netty.channel.nio.NioEventLoopGroup.newChild(NioEventLoopGroup.java:138)
	at io.netty.channel.nio.NioEventLoopGroup.newChild(NioEventLoopGroup.java:37)
	at io.netty.util.concurrent.MultithreadEventExecutorGroup.<init>(MultithreadEventExecutorGroup.java:84)
	at io.netty.util.concurrent.MultithreadEventExecutorGroup.<init>(MultithreadEventExecutorGroup.java:58)
	at io.netty.util.concurrent.MultithreadEventExecutorGroup.<init>(MultithreadEventExecutorGroup.java:47)
	at io.netty.channel.MultithreadEventLoopGroup.<init>(MultithreadEventLoopGroup.java:59)
	at io.netty.channel.nio.NioEventLoopGroup.<init>(NioEventLoopGroup.java:78)
	at io.netty.channel.nio.NioEventLoopGroup.<init>(NioEventLoopGroup.java:73)
	at io.netty.channel.nio.NioEventLoopGroup.<init>(NioEventLoopGroup.java:60)
	at io.vertx.core.net.impl.transport.Transport.eventLoopGroup(Transport.java:153)
	at io.vertx.core.impl.VertxImpl.<init>(VertxImpl.java:143)
	at io.vertx.core.impl.VertxImpl.vertx(VertxImpl.java:92)
	at io.vertx.core.impl.VertxFactoryImpl.vertx(VertxFactoryImpl.java:40)
	at io.vertx.core.impl.VertxFactoryImpl.vertx(VertxFactoryImpl.java:32)
	at io.vertx.core.Vertx.vertx(Vertx.java:85)
	at io.vertx.core.impl.launcher.commands.ClasspathHandler.create(ClasspathHandler.java:113)
	at io.vertx.core.impl.launcher.commands.BareCommand.startVertx(BareCommand.java:278)
	at io.vertx.core.impl.launcher.commands.BareCommand.run(BareCommand.java:192)
	at io.vertx.core.impl.launcher.commands.RunCommand.run(RunCommand.java:249)
	at io.vertx.core.impl.launcher.VertxCommandLauncher.execute(VertxCommandLauncher.java:248)
	at io.vertx.core.impl.launcher.VertxCommandLauncher.dispatch(VertxCommandLauncher.java:383)
	at io.vertx.core.impl.launcher.VertxCommandLauncher.dispatch(VertxCommandLauncher.java:346)
	at io.vertx.core.Launcher.main(Launcher.java:45)
18:15:20,938 DEBUG main PlatformDependent0:<clinit>:313 - java.nio.Bits.unaligned: available, true
18:15:20,940 DEBUG main PlatformDependent0:<clinit>:372 - jdk.internal.misc.Unsafe.allocateUninitializedArray(int): unavailable
java.lang.IllegalAccessException: class io.netty.util.internal.PlatformDependent0$6 cannot access class jdk.internal.misc.Unsafe (in module java.base) because module java.base does not export jdk.internal.misc to unnamed module @424e1977
	at java.base/jdk.internal.reflect.Reflection.newIllegalAccessException(Reflection.java:361)
	at java.base/java.lang.reflect.AccessibleObject.checkAccess(AccessibleObject.java:591)
	at java.base/java.lang.reflect.Method.invoke(Method.java:558)
	at io.netty.util.internal.PlatformDependent0$6.run(PlatformDependent0.java:334)
	at java.base/java.security.AccessController.doPrivileged(Native Method)
	at io.netty.util.internal.PlatformDependent0.<clinit>(PlatformDependent0.java:325)
	at io.netty.util.internal.PlatformDependent.isAndroid(PlatformDependent.java:272)
	at io.netty.util.internal.PlatformDependent.<clinit>(PlatformDependent.java:92)
	at io.netty.channel.nio.NioEventLoop.newTaskQueue0(NioEventLoop.java:285)
	at io.netty.channel.nio.NioEventLoop.newTaskQueue(NioEventLoop.java:156)
	at io.netty.channel.nio.NioEventLoop.<init>(NioEventLoop.java:138)
	at io.netty.channel.nio.NioEventLoopGroup.newChild(NioEventLoopGroup.java:138)
	at io.netty.channel.nio.NioEventLoopGroup.newChild(NioEventLoopGroup.java:37)
	at io.netty.util.concurrent.MultithreadEventExecutorGroup.<init>(MultithreadEventExecutorGroup.java:84)
	at io.netty.util.concurrent.MultithreadEventExecutorGroup.<init>(MultithreadEventExecutorGroup.java:58)
	at io.netty.util.concurrent.MultithreadEventExecutorGroup.<init>(MultithreadEventExecutorGroup.java:47)
	at io.netty.channel.MultithreadEventLoopGroup.<init>(MultithreadEventLoopGroup.java:59)
	at io.netty.channel.nio.NioEventLoopGroup.<init>(NioEventLoopGroup.java:78)
	at io.netty.channel.nio.NioEventLoopGroup.<init>(NioEventLoopGroup.java:73)
	at io.netty.channel.nio.NioEventLoopGroup.<init>(NioEventLoopGroup.java:60)
	at io.vertx.core.net.impl.transport.Transport.eventLoopGroup(Transport.java:153)
	at io.vertx.core.impl.VertxImpl.<init>(VertxImpl.java:143)
	at io.vertx.core.impl.VertxImpl.vertx(VertxImpl.java:92)
	at io.vertx.core.impl.VertxFactoryImpl.vertx(VertxFactoryImpl.java:40)
	at io.vertx.core.impl.VertxFactoryImpl.vertx(VertxFactoryImpl.java:32)
	at io.vertx.core.Vertx.vertx(Vertx.java:85)
	at io.vertx.core.impl.launcher.commands.ClasspathHandler.create(ClasspathHandler.java:113)
	at io.vertx.core.impl.launcher.commands.BareCommand.startVertx(BareCommand.java:278)
	at io.vertx.core.impl.launcher.commands.BareCommand.run(BareCommand.java:192)
	at io.vertx.core.impl.launcher.commands.RunCommand.run(RunCommand.java:249)
	at io.vertx.core.impl.launcher.VertxCommandLauncher.execute(VertxCommandLauncher.java:248)
	at io.vertx.core.impl.launcher.VertxCommandLauncher.dispatch(VertxCommandLauncher.java:383)
	at io.vertx.core.impl.launcher.VertxCommandLauncher.dispatch(VertxCommandLauncher.java:346)
	at io.vertx.core.Launcher.main(Launcher.java:45)
18:15:20,942 DEBUG main PlatformDependent0:<clinit>:385 - java.nio.DirectByteBuffer.<init>(long, int): unavailable
18:15:20,942 DEBUG main PlatformDependent:unsafeUnavailabilityCause0:1028 - sun.misc.Unsafe: available
18:15:20,964 DEBUG main PlatformDependent:maxDirectMemory0:1128 - maxDirectMemory: 2124414976 bytes (maybe)
18:15:20,964 DEBUG main PlatformDependent:tmpdir0:1147 - -Dio.netty.tmpdir: C:\Users\gus\AppData\Local\Temp (java.io.tmpdir)
18:15:20,964 DEBUG main PlatformDependent:bitMode0:1226 - -Dio.netty.bitMode: 64 (sun.arch.data.model)
18:15:20,966 DEBUG main PlatformDependent:<clinit>:173 - -Dio.netty.maxDirectMemory: -1 bytes
18:15:20,966 DEBUG main PlatformDependent:<clinit>:180 - -Dio.netty.uninitializedArrayAllocationThreshold: -1
18:15:20,967 DEBUG main CleanerJava9:<clinit>:71 - java.nio.ByteBuffer.cleaner(): available
18:15:20,967 DEBUG main PlatformDependent:<clinit>:200 - -Dio.netty.noPreferDirect: false
18:15:20,976 DEBUG main PlatformDependent:<clinit>:890 - org.jctools-core.MpscChunkedArrayQueue: available
18:15:21,335 DEBUG main DefaultDnsServerAddressStreamProvider:<clinit>:82 - Default DNS servers: [/192.168.0.1:53, /192.168.43.1:53] (sun.net.dns.ResolverConfiguration)
18:15:21,455 DEBUG vert.x-eventloop-thread-0 PooledByteBufAllocator:<clinit>:142 - -Dio.netty.allocator.numHeapArenas: 16
18:15:21,455 DEBUG vert.x-eventloop-thread-0 PooledByteBufAllocator:<clinit>:143 - -Dio.netty.allocator.numDirectArenas: 16
18:15:21,456 DEBUG vert.x-eventloop-thread-0 PooledByteBufAllocator:<clinit>:145 - -Dio.netty.allocator.pageSize: 8192
18:15:21,456 DEBUG vert.x-eventloop-thread-0 PooledByteBufAllocator:<clinit>:150 - -Dio.netty.allocator.maxOrder: 11
18:15:21,456 DEBUG vert.x-eventloop-thread-0 PooledByteBufAllocator:<clinit>:154 - -Dio.netty.allocator.chunkSize: 16777216
18:15:21,456 DEBUG vert.x-eventloop-thread-0 PooledByteBufAllocator:<clinit>:155 - -Dio.netty.allocator.tinyCacheSize: 512
18:15:21,457 DEBUG vert.x-eventloop-thread-0 PooledByteBufAllocator:<clinit>:156 - -Dio.netty.allocator.smallCacheSize: 256
18:15:21,457 DEBUG vert.x-eventloop-thread-0 PooledByteBufAllocator:<clinit>:157 - -Dio.netty.allocator.normalCacheSize: 64
18:15:21,457 DEBUG vert.x-eventloop-thread-0 PooledByteBufAllocator:<clinit>:158 - -Dio.netty.allocator.maxCachedBufferCapacity: 32768
18:15:21,458 DEBUG vert.x-eventloop-thread-0 PooledByteBufAllocator:<clinit>:159 - -Dio.netty.allocator.cacheTrimInterval: 8192
18:15:21,458 DEBUG vert.x-eventloop-thread-0 PooledByteBufAllocator:<clinit>:160 - -Dio.netty.allocator.cacheTrimIntervalMillis: 0
18:15:21,458 DEBUG vert.x-eventloop-thread-0 PooledByteBufAllocator:<clinit>:161 - -Dio.netty.allocator.useCacheForAllThreads: true
18:15:21,458 DEBUG vert.x-eventloop-thread-0 PooledByteBufAllocator:<clinit>:162 - -Dio.netty.allocator.maxCachedByteBuffersPerChunk: 1023
18:15:21,505 DEBUG vert.x-eventloop-thread-0 NetUtil:<clinit>:139 - -Djava.net.preferIPv4Stack: false
18:15:21,506 DEBUG vert.x-eventloop-thread-0 NetUtil:<clinit>:140 - -Djava.net.preferIPv6Addresses: false
18:15:21,769 DEBUG vert.x-eventloop-thread-0 NetUtil:<clinit>:224 - Loopback interface: lo (Software Loopback Interface 1, 127.0.0.1)
18:15:21,770 DEBUG vert.x-eventloop-thread-0 NetUtil:run:289 - Failed to get SOMAXCONN from sysctl and file \proc\sys\net\core\somaxconn. Default: 200
18:15:22,079 DEBUG vert.x-eventloop-thread-0 DefaultChannelId:<clinit>:79 - -Dio.netty.processId: 21028 (auto-detected)
18:15:22,339 DEBUG vert.x-eventloop-thread-0 DefaultChannelId:<clinit>:101 - -Dio.netty.machineId: 80:2b:f9:ff:fe:5d:8f:73 (auto-detected)
18:15:22,362 DEBUG vert.x-eventloop-thread-0 ByteBufUtil:<clinit>:85 - -Dio.netty.allocator.type: pooled
18:15:22,362 DEBUG vert.x-eventloop-thread-0 ByteBufUtil:<clinit>:94 - -Dio.netty.threadLocalDirectBufferSize: 0
18:15:22,362 DEBUG vert.x-eventloop-thread-0 ByteBufUtil:<clinit>:97 - -Dio.netty.maxThreadLocalCharBufferSize: 16384
18:15:37,935 DEBUG vert.x-eventloop-thread-1 Recycler:<clinit>:96 - -Dio.netty.recycler.maxCapacityPerThread: 4096
18:15:37,935 DEBUG vert.x-eventloop-thread-1 Recycler:<clinit>:97 - -Dio.netty.recycler.maxSharedCapacityFactor: 2
18:15:37,936 DEBUG vert.x-eventloop-thread-1 Recycler:<clinit>:98 - -Dio.netty.recycler.linkCapacity: 16
18:15:37,936 DEBUG vert.x-eventloop-thread-1 Recycler:<clinit>:99 - -Dio.netty.recycler.ratio: 8
18:15:37,942 DEBUG vert.x-eventloop-thread-1 AbstractByteBuf:<clinit>:62 - -Dio.netty.buffer.checkAccessible: true
18:15:37,942 DEBUG vert.x-eventloop-thread-1 AbstractByteBuf:<clinit>:63 - -Dio.netty.buffer.checkBounds: true
18:15:37,944 DEBUG vert.x-eventloop-thread-1 ResourceLeakDetectorFactory:newResourceLeakDetector:195 - Loaded default ResourceLeakDetector: io.netty.util.ResourceLeakDetector@75024988
18:15:38,020 DEBUG vert.x-eventloop-thread-1 ZlibCodecFactory:<clinit>:39 - -Dio.netty.noJdkZlibDecoder: false
18:15:38,021 DEBUG vert.x-eventloop-thread-1 ZlibCodecFactory:<clinit>:42 - -Dio.netty.noJdkZlibEncoder: false
